Build started 10/23/2014 2:48:30 AM.
     1>Project "C:\Users\Play\Documents\GitHub\UMKC-CS303FS2014-Project2\CS303_Project2\CS303_Project2\CS303_Project2.vcxproj" on node 2 (Build target(s)).
     1>ClCompile:
         C:\Program Files (x86)\Microsoft Visual Studio 12.0\VC\bin\CL.exe /c /ZI /nologo /W3 /WX- /Od /Oy- /D WIN32 /D _DEBUG /D _CONSOLE /D _LIB /D _UNICODE /D UNICODE /Gm /EHsc /RTC1 /MDd /GS /fp:precise /Zc:wchar_t /Zc:forScope /Fo"Debug\\" /Fd"Debug\vc120.pdb" /Gd /TP /analyze- /errorReport:prompt Evaluator.cpp
         Evaluator.cpp
     1>c:\users\play\documents\github\umkc-cs303fs2014-project2\cs303_project2\cs303_project2\evaluator.cpp(94): error C2660: 'SyntaxChecker::syntax_check' : function does not take 1 arguments
     1>c:\users\play\documents\github\umkc-cs303fs2014-project2\cs303_project2\cs303_project2\evaluator.cpp(99): warning C4018: '<' : signed/unsigned mismatch
     1>Done Building Project "C:\Users\Play\Documents\GitHub\UMKC-CS303FS2014-Project2\CS303_Project2\CS303_Project2\CS303_Project2.vcxproj" (Build target(s)) -- FAILED.

Build FAILED.

Time Elapsed 00:00:01.04
